1975-33041--

inspected page
1615-529001--
Năm-384353--
.ad-28584--
1805-250292--
.am-28590--
12 tháng 1-20083--
1564-529204--
1787-523796--
1851-392202--
1920-107891--
13 tháng 3-20212--
1807-250297--
1445-530413--
1592-529557--
1757-528923--
15 tháng 11-18759--
15 tháng 2-20155--
1259-529924--
1816-392133--
1966-107949--
10 tháng 4-967--
1960-93288--
.bb-28607--
1950-107934--
1861-392224--
.ae-28585--
12 tháng 3-20210--
12 tháng 7-20395--
Thế kỷ 2 TCN-523982--
1891-263680--
1694-529373--
1584-529571--
10 tháng 3-20206--

inspected page
11 tháng 7-20392--
1533-529166--
18 tháng 1-20095--
Thiên niên kỷ-408364--
11 tháng 2-20148--
1806-391961--
24 tháng 5-20295--
1825-392152--
11 tháng 10-20576--
16 tháng 5-20281--
13 tháng 1-20085--
1951-107935--
13 tháng 6-20333--
1555-529195--
1814-392129--
1963-89649--
1669-529383--
1828-392159--
.an-28591--
11 tháng 8-20455--
1510-530527--
13 tháng 2-20151--
.af-28586--
1532-529119--
10 tháng 6-20326--
17 tháng 7-20405--
109 TCN-541524--
10 tháng 2-20144--
1308-529976--
1859-392219--
1515-529156--
12 tháng 12-20676--
Lịch Do Thái-789121--
10 tháng 8-20454--
17 tháng 5-20282--
Thập niên 100 TCN-1279653--
12 tháng 2-20149--
11 tháng 5-20272--
22 tháng 1-1231--
1882-263697--
1218-530000--
1326-529649--
1693-529372--
1961-107945--
1930-107916--
Thập niên 120 TCN-1279655--
12 tháng 4-974--
14 tháng 6-20335--
11 tháng 9-20513--
21 tháng 1-20102--
5 tháng 8-20444--
1651-529301--
11 tháng 12-20674--
.ax-76732--
10 tháng 12-20672--
Can Chi-3647--
108 TCN-541523--
19 tháng 12-20691--
.ao-28592--
110 TCN-541525--
Dương lịch Thái-c280195e44d78284e126d4823b28d80b--
1502-530515--
112 TCN-541527--
13 tháng 4-977--
13 tháng 9-20517--
15 tháng 3-20216--
13 tháng 10-20579--
1551-529191--
1967-107950--
Franklin Pierce-139433--
11 tháng 11-20634--
153 TCN-541592--
Danh sách thập niên-3379566--
.ag-28587--
1 tháng 1-20064--

inspected page
Lịch Assyria-285330--
1940-107926--
1803-250074--
1812-392124--
.ba-28606--
Thế kỷ 3 TCN-523984--
1802-250073--
1068-530245--
1994-63327--
16 tháng 10-20582--
Lịch Bengal-799dded2ee7d99894a2a517d8a9ad30c--
11 tháng 6-20329--
Bắc Hoa Kỳ-6f7537341845b1b538ebf263147c8db5--
1984-63723--
1604-529397--
10 tháng 11-20632--
16 tháng 8-20464--
Thế kỷ-71455--
1964-107948--

inspected page
15 tháng 7-20400--
14 tháng 11-17598--
1600-529402--
17 tháng 1-20094--
1811-391980--
12 tháng 6-20331--
.aq-7630--
1810-391975--
Thập niên 110 TCN-1279654--
1670-529330--
1769-200205--
Lịch Berber-285403--
Thập niên 90 TCN-1279652--
1753-528919--
19 tháng 5-20286--
Chiến tranh Berber thứ nhất-c5788742779f7080daff0ac629e979a5--
Ab urbe condita-3676101--
11 tháng 3-20208--
16 tháng 3-20222--
1970-64293--
Lịch Bahá'í-55136458990b35fda9f280aebaa51cd2--
1527-529145--
14 tháng 5-20278--
113 TCN-541528--
13 tháng 12-20678--
.au-28602--
1862-332324--
1484-530494--
1818-392138--
.aw-28603--
.az-28605--
Chế độ nô lệ-3677356--
1980-63728--
Alexander Hamilton-120016--
10 tháng 7-20390--
1821-392145--
12 tháng 11-20636--
10 tháng 1-20075--
Kali Yuga-e4151a7076651237895e0785fb4064a0--
George III của Anh-3389208--
1962-107946--
1503-530516--
10 tháng 5-20271--
Thập niên 130 TCN-1279656--
18 tháng 6-20343--
.ai-28588--
Lịch Armenia-285392--
.ac-28583--
24 tháng 3-901--
14 tháng 10-20581--
1 tháng 8-20435--
.al-28589--
16 tháng 2-20157--
12 tháng 5-20274--
1588-529567--
1815-392131--
11 tháng 4-968--
10 tháng 9-20509--
1993-63328--

inspected page
1628-529240--
25 tháng 7-20421--
15 tháng 5-20279--
Giáp Tuất-27309--
.as-28596--
1572-529586--
13 tháng 5-20276--
13 tháng 11-18582--
1842-388182--
15 tháng 1-20089--
1908-107816--
1852-392205--
16 tháng 1-20091--
14 tháng 2-20152--
12 tháng 8-20456--
1990-63470--
1801-250072--
14 tháng 3-20214--
Thiên niên kỷ 1 TCN-57692--
1560-529200--
13 tháng 8-20458--
1868-392238--
11 tháng 1-20077--

inspected page
14 tháng 1-20087--
Lịch Bắc Triều Tiên-150959166eaa6c0ad78f85c408c27bfe--
1786-528939--
10 tháng 10-20574--
.at-9920--
.ar-28595--
1001-530282--
1965-90299--
1430-530397--
114 TCN-541529--
Lịch Julius-23800--
Thế kỷ 1 TCN-457948--
12 tháng 9-20515--
12 tháng 10-20578--
Lịch Copt-fad7fe5d53359e0a27f9af156f2b95bd--
Immanuel Kant-30992--
Haiti-38422--
Carl Gustav Jakob Jacobi-103193--
1777-201770--
1446-530414--
1590-529559--
Thế kỷ 2 TCN6-3c3850de293ad302fb233133be262ad2--
1971-64291--
1788-523787--
1261-529926--
Ngày-384379--
1564-529204--

inspected page
1595-529554--
1444-530412--
1553-529193--
1631-529244--
2054-3349426--
1997-63319--

inspected page
Equatorial ring-ea0eed0c717a965d6bb26ad099cefdd6--
1612-528997--
1839-392180--
20 tháng 4-998--
1518-529153--
1896-187432--
30 tháng 9-20552--
3 tháng 1-20066--
Thập niên 1020-578401--
1259-529924--

inspected page
1776-201762--
1966-107949--

inspected page
9 tháng 1-20073--
Ai Lao-39375--
1916-107887--
17 tháng 2-20159--
.ae-28585--

inspected page
1519-529861--
1948-107932--
8 tháng 10-20569--
1329-529645--
1636-529250--
30 tháng 8-20489--
11 tháng 7-20392--

inspected page
1926-107896--
1170-530050--
Thế kỷ 18-49335--
Cận nhiệt đới-18561--
Hoàng Phùng Cơ-157816--
1325-529720--
David Hunter-147538--
Năm thường bắt đầu vào thứ Ba-b8ccfbb1b9a45c07b996d607cd70d5b3--
Torah-544095--
Antigua và Barbuda-106126--
Lịch Ai Cập-f2a430da6b265661f17096964b374183--
1825-392152--

inspected page
1727-528881--
Asuncion-218432--
Thập niên 60 TCN-1279649--
Danh sách các loại lịch-d41fdd3a681500a11fcc7ee8cc9f7323--
Bắc bán cầu-3704767--
1124-530123--
Episcopal Church in the United States of America-c8f22b0d4ff331aa9924fb3e525d6f45--
1673-529333--
1819-392140--
1708-528396--
1589-529560--
1492-530502--
Lịch Ethiopia-94f573024963b0cf0897be0fcffa2d2a--
Ishtar-98235d773aada208d90ac2a291a0cd70--
Carlos III của Tây Ban Nha-880468--
152 TCN-541591--
Tần Thủy Trọng-a9f0ae53b403bfc139f33f71df8cadac--
5 tháng 10-20563--
10 tháng 12-20672--

inspected page
1830-231810--
1890-263685--
.an-28591--

inspected page
11 tháng 8-20455--

inspected page
1687-529354--
1510-530527--

inspected page
George Washington-25521--
.af-28586--

inspected page
1532-529119--

inspected page
1620-529013--
Albert I của Đức-321245--
10 tháng 6-20326--

inspected page
1505-530519--
25 tháng 3-907--
23 tháng 11-19983--
Assur-70049--
Wikispecies-532027--
151 TCN-541590--
Pháp-2860--
1859-392219--

inspected page
28 tháng 3-920--
Cao Xuân Hạo-65158--
Canh Tý-27339--
1643-529260--
Andrew Jackson-139552--
Anahita-c3ccb425706b2a7a786f6e27355df6d4--
1327-529648--
1547-529187--
1220-529870--
1093-530216--
1965-90299--

inspected page
1255-529920--
1851-392202--

inspected page
2017-1446540--
24 tháng 12-20702--
1262-529927--
17 tháng 10-20584--
James I của Anh-183779--
Thế kỷ 2 TCN8-972ef3cb02caa83ce60d71bc15ada0b5--
Thập niên 140 TCN-1279657--
0 TCN-23585--
1930-107916--

inspected page
Thập niên 120 TCN-1279655--

inspected page
Eiroku-631dea7fa1a6e2984bf725721de07b3c--
16 tháng 7-20402--
Dự án Gutenberg-65514--
1359-530962--
1826-392155--
130 TCN-541563--
1906-107814--
11 tháng 12-20674--

inspected page
1963-89649--

inspected page
1309-529977--
18 tháng 8-20468--
1829-392161--
Mùa thu-18790--
Cộng hòa Ireland-23315--
1318-529739--
1626-529238--
1723-528868--
Bùi Hữu Nghĩa-43092--
1742-528903--
1513-529158--
1514-529157--
Fyodor Ivanovich Tyutchev-109122--
1487-530497--
Bùi Văn Khuê-809807--
Alabama-33804--
15 tháng 8-20463--
14 tháng 12-20680--
1774-201757--
112 TCN-541527--

inspected page
12 tháng 3-20210--

inspected page
Nghiên cứu-16307--
Thập niên 1010-578403--
1979-63729--
Canh Thìn-27317--
1445-530413--

inspected page
8 tháng 6-20322--
Rôma-33150--
1804-250290--

inspected page
1783-528937--
1880-263703--
1913-107821--
1763-528929--
1991-63469--
999-530283--
1744-528909--
Haab'-fc592b5a831cbf675a0cf383d3023e16--
Mùa khô-18583--
Bát Kỳ-780859--
1381-530981--
93 TCN-541503--
1485-530495--
Andrea Morisco-cf03b673d7594cca37da87122bcb47b7--
Năm thiên văn-13874--
.ba-28606--

inspected page
1609-528983--
4 tháng 9-20498--
1952-107936--
12 tháng 5-20274--

inspected page
4 tháng 3-20193--
111 TCN-541526--

inspected page
1837-392175--
1738-528897--
13 tháng 2-20151--

inspected page
1968-107951--
Belize-92637--
Lịch Bengal-799dded2ee7d99894a2a517d8a9ad30c--

inspected page
11 tháng 6-20329--

inspected page
1988-60513--
Thế kỷ 1 TCN0-317d438147b0e6e202f4e81592ab6d46--
1886-204718--
1740-528899--
1204-529986--
Henry III của Anh-3389838--
16 tháng 8-20464--

inspected page
Danh sách người đoạt giải Nobel Sinh lý học và Y khoa-16241--
1578-521463--
1072-530241--
Andrew Fisher-139957--
1 tháng 7-20373--
138 TCN-541572--
7 tháng 6-20320--
1811-391980--

inspected page
95 TCN-541506--
1215-529997--
Thập niên-378247--
1549-529189--
.aq-7630--

inspected page
1198-530007--
Bluegrass State-bfb5c36e04df8ba2cc33266e6f49f5eb--
1810-391975--

inspected page
1448-530416--
1911-107819--
Bộ trưởng Ngân khố Hoa Kỳ-320878--
Thời gian-2563--
1369-530944--
1711-528698--
1773-201756--
Sir Chandrasekhara Venkata Raman-31e409239b3db9216a98879f5a7ff3e9--
17 tháng 6-20340--
131 TCN-541564--
Ab urbe condita-3676101--

inspected page
Bùi Thế Đạt-2359681--
1530-529138--
1917-107888--
119 TCN-541535--
Lịch Bahá'í-55136458990b35fda9f280aebaa51cd2--

inspected page
1527-529145--

inspected page
14 tháng 5-20278--

inspected page
1571-529587--
1816-392133--

inspected page
Giáp Tý-27296--
30 tháng 7-20431--
1799-523785--
1818-392138--

inspected page
1368-530945--
1921-107892--
.az-28605--

inspected page
26 tháng 5-20298--
8 tháng 11-20627--
Eikyo-0ebc497b92669bd05cba65572b6eaa26--
20 tháng 2-20167--
2 tháng 1-20065--
1870-201333--
1556-529196--
1871-201334--
3 tháng 5-20257--
1749-528914--
Luận tội-94cbc30b186b60305a133335cc321814--
George III của Anh-3389208--

inspected page
12 tháng 7-20395--

inspected page
1294-529963--
Chuỗi hypergeometric-c495480633846f5cd2f3b77eff0e768b--
1482-530462--
5 tháng 3-20196--
1630-529243--
16 tháng 9-20523--
1624-529236--
1428-530395--
96 TCN-541507--
.ac-28583--

inspected page
1891-263680--

inspected page
Kỷ Mùi-27358--
Tôn giáo-4620--
14 tháng 10-20581--

inspected page
92 TCN-541502--
1815-392131--

inspected page
1760-528926--
1610-528984--
Giải vô địch bóng đá thế giới 1930-3278020--
13 tháng năm-ef6cbfb7ff6b3d8b8b76c39afb1765d5--
1669-529383--

inspected page
16 tháng 11-18855--
2008-142321--
Do Thái giáo-328009--
Chân Lạp-24151--
Charles I của Anh-189271--
1338-529759--
Bunki-978c4f32d74ac64f02392f6972cdb411--
Thập niên 10 TCN-1279644--
1395-531073--
14 tháng 7-20398--
Danh sách thập niên-3379566--

inspected page
.as-28596--

inspected page
Lịch-5664--
13 tháng 5-20276--

inspected page
Thập niên 1000-578424--
16 tháng 5-20281--

inspected page
Nguyễn Phúc Cảnh-69985--
1566-529601--
1842-388182--

inspected page
Đế quốc thực dân Pháp-64195--
1990-63470--

inspected page
1795-528956--
1461-530437--
Bính Thìn-27355--
1910-107818--
1689-529358--
1696-529378--
1801-250072--

inspected page
14 tháng 3-20214--

inspected page
Lịch Shamsi Hijri-3646656--
Giải Nobel Văn học-16238--
1560-529200--

inspected page
1 tháng 1-20064--

inspected page
1720-528865--
11 tháng 1-20077--

inspected page
1904-107812--
1766-528933--
1397-531075--
117 TCN-541533--
Bùi Thị Xuân-33986--
19 tháng 6-20344--
1761-528927--
17 tháng 3-20223--
Giáp Dần-27353--
1797-77027--
1211-529993--
1943-9997--
27 tháng 2-20181--
121 TCN-541537--
Hạ chí-362598--
Ba Lan-32562--
1360-530963--
1987-63482--
1986-63483--

inspected page
Thế kỷ 2 TCN7-fc59c477cadee1f59dedaf5de24f6d87--
1128-530128--
California-26--
1 tháng 6-17601--
Jiryaku-a0860a6cd848cb65fbc8fe34d473ef85--
Năm-384353--

inspected page
1000 TCN-3e701a3dbb001eab6c3f3d9392d90bc6--
Số La Mã-129093--
17 tháng 11-18898--
1613-528999--
Học viện Quân sự West Point Hoa Kỳ-80574--
1504-530518--
Bình Nhưỡng-39237--
10 tháng 11-20632--

inspected page
Henrietta Maria-803603--
British West Indies-6d703d2131c9a3112b08270a7f1d0014--
1582-529575--
Gia Định-55402--
Lịch Dân Quốc-2412e5aea879ef912e9456b7b22b4c51--
1883-263693--
Lê Ngọc Bình-349451--
1791-523805--
1540-529173--
18 tháng 12-20689--
Karl Landsteiner-198525--
1607-578435--
Friedrich II của Phổ-140232--
Bính Tuất-27325--
98 TCN-541512--
1219-530001--
15 tháng 5-20279--

inspected page
1069-530244--
20 tháng 8-20471--
1694-529373--

inspected page
10 tháng 4-967--

inspected page
2 tháng 11-20615--
Thế kỷ 2 TCN2-b667ebbc658f843054fcae17bbab56ae--
1702-528430--
1861-392224--

inspected page
1752-528918--
1396-531074--
1962-107946--

inspected page
Joseph Merrick-324977--
10 tháng 3-20206--

inspected page
1282-529945--
Sinclair Lewis-120299--
1389-530989--
Lưu Danh Công-359092--
1717-528860--
1499-530510--
11 tháng 10-20576--

inspected page
Công thức Jacobi-8222116b9e8db4e41aacfc901d33d9aa--
99 TCN-541514--
1764-528930--
3 tháng 3-20191--
Con lắc-2439601--
122 TCN-541538--
12-540974--
1657-529309--
1570-529588--
13 tháng 6-20333--

inspected page
25 tháng 2-20176--
125 TCN-541541--
10 tháng 2-20144--

inspected page
1577-529580--
Kỷ nguyên lịch-de9e499881288c77268be4a9ae44f6d5--
100 TCN-541515--
1229-529891--
1936-107922--
1928-107898--
1279-529943--
21 tháng 4-1001--
1241-529903--
1940-107926--

inspected page
Thế kỷ 4 TCN-1519907--
19 tháng 7-20408--
Kỷ Tỵ-27304--
1070-530243--
Lã Bất Thánh-83360231e9ad456d3246db385dc39067--
Charles II của Anh-321344--
Lễ Vượt Qua-51354--
1308-529976--

inspected page
1608-578436--
12 tháng 12-20676--

inspected page
Lịch Do Thái-789121--

inspected page
Thế kỷ 2 TCN9-4c73fe91fd0fe31f30e25cafbd4796c1--
Các cuộc chiến tranh của Napoléon-185988--
1895-187684--
1 tháng 8-20435--

inspected page
1721-528866--
14 tháng 9-20519--
Maurice Maeterlinck-105380--
1563-529201--
11 tháng 5-20272--

inspected page
Gustav Klimt-149891--
Galileo Galilei-445934--
22 tháng 2-20171--
Mori Ōgai-62837--
Suleiman I-117269--
149 TCN-541588--
1305-529973--
1113-530108--
4 Vesta-804739--
Yahrzeits-ea653680833d1850a672841a2d8c97b8--
31 tháng 1-20121--
14 tháng 8-20461--
1869-392240--
1681-529345--
1385-530985--
Thế kỷ 2 TCN1-de1f2cef71915358ee525e13fb5f565e--
Giải Nobel Hòa bình-15708--
1649-529270--
18 tháng 1-20095--

inspected page
1506-530520--
1812-392124--

inspected page
Thường Thắng Quân-782657--
1828-392159--

inspected page
Bò cạp trong biểu tượng văn hóa-d7a2ca50d32778fa5de7e1c21b517795--
Thế kỷ 1-57668--
Can Chi-3647--

inspected page
Nathan Söderblom-370452--
27 tháng 7-20425--
1775-201759--
Canh Thân-27359--
25 tháng 4-4616--
1683-529348--
1528-529143--
15 tháng 6-20337--
8 tháng 2-20136--
1900-107807--
Dương lịch Thái-c280195e44d78284e126d4823b28d80b--

inspected page
1611-528995--
1695-529376--
1494-530504--
1602-529399--
133 TCN-541566--
13 tháng 9-20517--

inspected page
15 tháng 3-20216--

inspected page
22 tháng 5-20292--
1217-529999--
1581-529576--
Người Do Thái-137673--
1857-392217--
1216-529998--
Albert Sidney Johnston-151404--
1627-529239--
1716-528820--
.ht-99542--
1275-529939--
7 tháng 2-20135--
Giáp Tuất-27309--

inspected page
Biểu tượng Quốc gia-3198747--
Danh sách nhà toán học-4649--
An Dương Vương-4169--
Thiên niên kỷ 1 TCN-57692--

inspected page
Lịch Assyria-285330--

inspected page
1525-529603--
2174-d1a21da7bca4abff8b0b61b87597de73--
14 tháng 4-978--
24 tháng 2-20175--
19 tháng 4-4468--
Thế kỷ 3 TCN-523984--

inspected page
1493-530503--
15 tháng 11-18759--

inspected page
1994-63327--

inspected page
Semën Yakovlevich Nadson-128494--
Lê Kính Tông-173016--
Bọ ngựa trong biểu tượng văn hóa-9393f4aa57471b3d91633424e20889d0--
1856-392214--
1586-529569--
Benjamin Harrison-115828--
1879-263707--
1621-529014--
1603-529398--
1508-530524--
1370-530943--
2 Pallas-161976--
1754-528920--
Thập niên 160 TCN-1279659--
1706-528406--
19 tháng 9-20531--
1307-529975--
1974-63997--
1491-530501--
16 tháng 10-20582--

inspected page
Charlotte Dundas-91e1e3286a1d8d7f8a76d669f3a1c7a8--
20 tháng 1-20099--
1194-530009--
Alexis de Tocqueville-59160--
1583-529573--
1970-64293--

inspected page
Thập niên 110 TCN-1279654--

inspected page
1 tháng 4-4850--
Hoàng đế Claudius-3fda22cc83be26afd0aa43560dc7862e--
155 TCN-541594--
1670-529330--

inspected page
1800-391955--
1697-529380--
1865-392231--
Chôn cất-7769695--
1682-529346--
1767-528934--
Arrondissement-c0aabe5eb56f92d8b110502cf78e8e9c--
1455-530429--
Thể loại:Kiến trúc thập kỷ 120 TCN-d4dc5cd2b911c1dff6a327245a005b55--
1833-392166--
2000-13080--
10 tháng 8-20454--

inspected page
1949-107933--
128 TCN-541546--
1323-529727--
28 tháng 1-20116--
18 tháng 6-20343--

inspected page
.au-28602--

inspected page
1862-332324--

inspected page
Lê Bá Ly-487082--
1756-528922--
19 tháng 10-20589--
Thể loại:Kiến trúc thập kỷ 110 TCN-11555adcdf0693d69a03b20570d20c0e--
Ai Cập-26186--
Alexandre Dumas-33010--
20 tháng 7-20411--
Hiệp hội Thiên văn Quốc tế-23701--
1781-523799--
1498-530508--
1836-392173--
1691-529369--
1794-523794--
1502-530515--

inspected page
1209-529990--
Alma mater-502208--
Arawak-7e94481ed0bd77c61ff266a4ce48b0c2--
8 tháng 5-20267--
Kali Yuga-e4151a7076651237895e0785fb4064a0--

inspected page
1780-201785--
Thập niên 190 TCN-1279662--
1 tháng 5-20254--

inspected page
1503-530516--

inspected page
Elizabeth Schuyler Hamilton-c1bbb6f56122901364dfe2ec7aa15a12--
Ngày 25 tháng 6-a47aa088dd4a0f0e9c3b2c51dae5ee2b--
1117-530116--
60-540926--
Thế kỷ 2 TCN5-708921ade7e51efc9a54e18bc4de1a47--
1932-107918--
.ai-28588--

inspected page
19 tháng 8-20470--
1808-391966--
1822-392148--
Thập kỷ-2530504--
1000-461051--
1875-263723--
1561-529202--
26 tháng 7-20423--
1380-530977--
Nguyễn Cư Trinh-80724--
.al-28589--

inspected page
16 tháng 2-20157--

inspected page
1538-529171--
Florida-9637--
Giáp Thìn-27343--
1908-107816--

inspected page
1937-107923--
1947-107931--
27 tháng 10-20605--
1382-530982--
Thế kỷ 2 TCN3-ec0a999ceaaff5f994526fe0c66b0367--
1605-529396--
1653-529304--
1628-529240--

inspected page
Anguilla-127230--
1827-392157--
Maimonides-3254681--
1675-529338--
1701-528577--
5 tháng 11-20621--
1260-529925--
1569-529598--
Thập niên 30 TCN-1279646--
1953-107937--
Brazil.-239e3d359545e31375e5def270a4677b--
Hungary-33743--
107 TCN-541522--
16 tháng 1-20091--

inspected page
1541-529176--
1699-529327--
1447-530415--
13 tháng 10-20579--

inspected page
1316-529737--
1158-530068--
1897-187153--
1854-392210--
1507-530522--
Thập niên 20 TCN-1279645--
1244-529906--
1615-529001--

inspected page
1946-107930--
1529-529136--
Chùa Xá Lợi-24486--
Thập niên 90 TCN-1279652--

inspected page
127 TCN-541544--
Lord Chancellor-7c2b115a9ece463e2fe88f974a4359a1--
1881-263698--
1276-529940--
Lịch Julius-23800--

inspected page
16 tháng 6-20339--
21 tháng 11-19372--
Cách mạng 1848-76431eda49018424e6d6b70425e3a690--
1622-529234--
Thế kỷ 1 TCN-457948--

inspected page
1521-529863--
1726-528880--
Hổ hình quyền-782449--
1356-530959--
116 TCN-541532--
1 TCN-541091--
1431-530398--
Horatio Nelson-117293--
21 tháng 12-20695--
Berlin-2295--
Lịch Copt-fad7fe5d53359e0a27f9af156f2b95bd--

inspected page
1840-392182--
104 TCN-541519--
1536-529169--
Canh (giờ)-83563c87a7c245d4f80e3cc97b84a2dd--
Hans Fischer-396504--
1805-250292--

inspected page
1821-392145--

inspected page
.am-28590--

inspected page
12 tháng 1-20083--

inspected page
.bd-28608--
Bunroku-1f53c9f3811cc581ab65414cb6e2f073--
1111-530105--
Canh Ngọ-27305--
15 tháng 10-25663--
1920-107891--

inspected page
Kỷ Dậu-27348--
1442-530409--
Addi Alkhas-2a32de3bd0c11a945eb55ebb3df65ab8--
Canh Tuất-27349--
25 tháng 5-20297--
Laurent André Barisy-243855--
Exeter, Anh-953eea02fbf04b684af42d150aa14be0--
.aw-28603--

inspected page
15 tháng 2-20155--

inspected page
1931-107917--
1002-530280--
1594-529555--
Thập niên 1030 TCN-ab29b5fb928f9355bfec1b892e20e681--
24 TCN-541123--
Dương Văn Minh-2340--
.ad-28584--

inspected page
Gorgor-b26282d7a034ce03d759b0063a0d46b4--
Đồ Thư-3367383--
1901-107809--
0 tháng 1-3249942--
1407-530367--
1650-529271--
1933-107919--
Thế kỷ 2 TCN-523982--

inspected page
1793-528955--
1746-528911--
Thập niên 0-1279739--
1678-529340--
1978-63974--
Công Nguyên-3648--
Bahamas-38308--
11 tháng 2-20148--

inspected page
24 tháng 5-20295--

inspected page
2014-530829--
1285-529949--
2004-2477--
1927-107897--
18 tháng 10-20587--
1996-63325--
1860-392221--
1831-392164--
18 tháng 3-20224--
1324-529726--
Sông Thanh Quyết-3522803--
1848-392191--
Hệ thống đánh số Armenia-fc954c5bd52fca4cab9408037b48d98f--
Chủ nhật-925--
1555-529195--

inspected page
1814-392129--

inspected page
12 tháng 2-20149--

inspected page
Giây-2565--
1850-392200--
1206-529988--
1483-530493--
1433-530400--
1 tháng 9-20493--
Apam Napat-75d9fc532712843527f5b4216569ca0b--
Nhiệt đới-18563--
Elizabeth I của Anh-192990--
Barack Obama-76917--
5 tháng 1-20068--
Thập niên 1000 TCN-9a76ebfc9404f3056f9af3491322480e--
Kenpō (era)-6eda99749ace6ba16dd2b486ad187dd5--
154 TCN-541593--
153 TCN-541592--

inspected page
1912-107820--
1743-528908--
1601-529401--
Thập niên 10-1279518--
Nguyễn Sinh Sắc-7460--
1402-530361--
132 TCN-541565--
2003-725--
Thập niên 100 TCN-1279653--

inspected page
Hans Christian Andersen-27907--
1809-391971--
1845-392185--
1882-263697--

inspected page
George III của Liên hiệp Anh và Ireland-299621--
1066-530248--
1843-388183--
103 TCN-541518--
1961-107945--

inspected page
10 tháng 7-20390--

inspected page
1956-107939--
Lewis Henry Morgan-544311--
1535-529168--
1944-60514--
1240-529902--
14 tháng 6-20335--

inspected page
11 tháng 9-20513--

inspected page
1148-530083--
1728-528883--
1378-530975--
Năm thường bắt đầu vào thứ Năm-ff1fe165c32e9ec7f59e07d158914dfb--
1704-528480--
17 tháng 5-20282--

inspected page
1785-528938--
1466-530442--
1531-529139--
1328-529647--
1169-530055--
1652-529302--
126 TCN-541543--
Chiến tranh Mậu Thìn-242398--
1306-529974--
110 TCN-541525--

inspected page
1998-63318--

inspected page
1710-528697--
1858-388185--
1894-187811--
1256-529921--
Lịch Iran-3388945--
Tần Thủy Hoàng-31887--
1273-529937--
Joseph Paxton-28581--
1922-107893--
Sa Đéc-34091--
1551-529191--

inspected page
Harmony Society-0f036453071ed4da3d63686efd72414b--
Cassius Dio-3505169--
Chúa Nguyễn-5298--
16 tháng 12-20684--
1725-528879--
29 tháng 3-924--
1685-529351--
1539-529172--
Thánh Vịnh-286482--
1392-531070--
1866-392233--
1786-528939--

inspected page
Danh sách người đoạt giải Nobel Hóa học-15703--
1973-63998--

inspected page
Nô lệ-144054--
Lịch Gregorius-37831--
.ao-28592--

inspected page
1903-107811--
1802-250073--

inspected page
1709-528401--
Johann Peter Gustav Lejeune Dirichlet-103150--
1648-529268--
Chiến tranh Cách mạng-c2883abf9f970ef98b9b8510165d0e71--
1741-528900--
156 TCN-541595--
1666-529388--
1511-529163--
1934-107920--
1427-530394--
1823-299524--
"Winston Churchill the American"-b372668bea68281f6b330330310193b7--
1604-529397--

inspected page
Bính Dần-27299--
18 tháng 11-19110--
Thế kỷ-71455--

inspected page
1907-107815--
Giáp Thân-27321--
2010-74212--
Pha Mặt Trăng-530874--
1311-529979--
15 tháng 7-20400--

inspected page
14 tháng 11-17598--

inspected page
2002-26755--
1004-530285--
Liu An-b810709f6d3d7ba58365a53699259e59--
Cảnh Thịnh-85917--
Andrew Johnson-139426--
Hòa ước Nhâm Tuất (1862)-108455--
1884-263690--
7 tháng 7-20384--
1598-529561--
1470-530446--
8 tháng 3-2175--
1768-528935--
Mùa mưa-18584--
Thể loại:Kiến trúc thập kỷ 90 TCN-c98a4a3b790b71246e46c730b42cd33d--
1526-529148--
Edouard Dulaurier-329b7c1837b0560f81be32bbbc9c10db--
1580-529577--
Lê Duy Ninh-235629--
1543-529178--
1475-530452--
Thập niên 0 TCN-1279692--
1919-107890--
1584-529571--

inspected page
Gerhart Hauptmann-120294--
Henry VI của Anh-1585211--
15 tháng 1-20089--

inspected page
11 tháng 3-20208--

inspected page
1772-201755--
1834-392169--
Hậu Lê-41710--
1969-64294--
Mùa hè-18604--
Bộ trưởng Ngân Khố Hoa Kỳ-803dc643860ad3bd61ad42607a23577b--
Lịch Alexandria-e7fa14e5569becb9ac7a45e5f379f475--
113 TCN-541528--

inspected page
.bb-28607--

inspected page
1692-529370--
Họ Habsburg-2450332--
1257-529922--
Giải Nobel Vật lý-5965--
1221-529871--
29 tháng 6-20367--
1468-530444--
1892-263678--
1841-388013--
1576-529581--
Hôn-32134--
Mùa đông-52157--
1980-63728--

inspected page
1759-528925--
1888-204710--
Nguyễn Ánh-145202--
1065-530249--
Hiệp ước Amiens-3683423--
101 TCN-541516--
1769-200205--

inspected page
Thập niên 1040 TCN-4de14b1d9b14e8e270903ee426df41b3--
Nam Kỳ-7523--
Thập niên 80 TCN-1279651--
Eugène Pottier-802431--
1700-528597--
1420-530380--
1982-63725--
Mặt Trời-3729--
1877-263716--
1951-107935--

inspected page
10 tháng 5-20271--

inspected page
Thập niên 130 TCN-1279656--

inspected page
123 TCN-541539--
1585-529570--
Kanbun (era)-ff10055d399f1068a1f3d2082c42f2f8--
1642-529258--
Âm lịch-3646--
Hoàng Diệu-50992--
1719-528864--
1918-107889--
Lịch Armenia-285392--

inspected page
17 tháng 12-20688--
1972-21944--
1481-530461--
11 tháng 11-20634--

inspected page
18 tháng 9-20528--
1210-529992--
1457-530431--
1618-529010--
Peru-27738--
Thập niên 1010 TCN-eedeed85366cf57e4701185f24b7ab32--
1955-107938--
1126-530126--
Quan chấp chính-1764739--
3 tháng 6-20313--
1789-37852--
20 tháng 10-20591--
1432-530399--
1587-529568--
Bộ lưu trữ lịch sử toán học MacTutor-419494--
1876-263719--
1660-529306--
1807-250297--

inspected page
1515-529156--

inspected page
Hector Berlioz-208808--
.au (định dạng tập tin)-25b099bf607972a6e81171bec582a5d5--
1957-107940--
Aaron Burr-72661--
Aruba-127621--
Các ngày lễ tết Do Thái Giáo 2000–2050-3275501--
Justus von Liebig-228193--
Do Thái-29063--
Chính trị gia-3148428--
Quân đội Phổ-569541--
1750-528915--
108 TCN-541523--

inspected page
30 tháng 3-20228--
1770-201753--
1003-530284--
Chính trị-43897--
1371-530968--
Ahura Mazda-826194--
1616-529008--
1567-529600--
13 tháng 8-20458--

inspected page
1668-529384--
1671-529331--
14 tháng 1-20087--

inspected page
Lịch Bắc Triều Tiên-150959166eaa6c0ad78f85c408c27bfe--

inspected page
1310-529978--
.at-9920--

inspected page
Israel-3723--
1820-392142--
Lịch Attica-9de5ebe82a096906cb783879d9dd145e--
Eudocia Macrembolitissa-5d04c9ffbefafb74d03a6a5e1fd91e21--
George Meade-146467--
1509-530525--
1537-529170--
1874-392245--
Barbados-54914--
James Gregory (nhà toán học)-1589438--
20 tháng 11-17027--
Cha con nhà Stephenson-127295--
Giây nhuận-5724--
1 tháng 10-20554--
12 tháng 9-20515--

inspected page
Abraham Lincoln-25821--
1806-391961--

inspected page
1790-523788--
106 TCN-541521--
Antoine Meillet-c8a2808f43629e8f17c957c67aaf9555--
1863-392226--
1975-33041--

inspected page
1813-392126--

inspected page
1690-529359--
Nguyễn Hữu Chỉnh-59688--
1893-263665--
1995-63326--
90 TCN-541500--
1864-392228--
105 TCN-541520--
Thập niên 100-1279542--
Bến Thành-419424--
15 tháng 4-980--
139 TCN-541573--
1591-529558--
Lịch Igbo-e081856f3a34fa9ceac52372dc4b09f6--
1787-523796--

inspected page
Cuba-29600--
Aristide-942faeeb1c9db83d9e20ec4cd3de8c3b--
Dương Trọng Tế-297716--
22 tháng 4-1002--
13 tháng 3-20212--

inspected page
97 TCN-541510--
Mùa xuân-18599--
1718-528863--
1559-529199--
1443-530411--
1757-528923--

inspected page
Dương lịch-27720--
Thập niên 180 TCN-1279661--
Chiến tranh Pháp-Nga (1812)-179414--
1885-263688--
Thiên niên kỷ 3-57686--
1958-107942--
1960-93288--

inspected page
1798-505938--
2011-530268--
10-540982--
Thập niên 1900-203226--
16 tháng 4-983--
1732-528891--
1784-523798--
1071-530242--
1945-14007--

inspected page
1517-529154--
1405-530364--
1552-529192--
1824-392150--
Jerusalem-41006--
18 tháng 4-4467--
1565-529602--
1533-529166--

inspected page
1796-523797--
1889-208928--
Pompey-123749--
1835-392171--
Thiên niên kỷ-408364--

inspected page
Chu Mạnh Trinh-86717--
1981-63726--
Lịch Hồi giáo-289087--
1 tháng 11-20613--
1751-528917--
17 tháng 1-20094--

inspected page
1853-392207--
13 tháng 1-20085--

inspected page
Cung hoàng đạo-397847--
1803-250074--

inspected page
1258-529923--
15 tháng 9-20521--
Thập niên 1040-578399--
1629-529242--
15 tháng 12-20682--
Bính Tý-27311--
Armenia-39578--
1574-529583--
1488-530498--
19 tháng 1-20097--
Thập niên 1020 TCN-5ab8f6d4827863a0db6101c7c9b24512--
17 tháng 8-20466--
1753-528919--

inspected page
1898-132032--
1954-824--

inspected page
1779-201775--
Danh sách năm-69cd42cf0c872939592c4d5c20534c8a--
.ag-28587--

inspected page
114 TCN-541529--

inspected page
1332-529751--
1638-529253--
17 tháng 7-20405--

inspected page
1118-530117--
1771-201754--
Kan'ei-215d138c1563957125f65890ba46754c--
Lịch Gregory-3146726--
1524-529605--
1218-530000--

inspected page
1984-63723--

inspected page
Thiên niên kỷ 2-57684--
1849-392194--
1832-230918--
1 tháng 3-20187--
Bahá'í-3712483--
120 TCN-541536--
Thập niên 70 TCN-1279650--
28 tháng 2-20183--
Chiến tranh Hoa Kỳ - Anh Quốc (1812)-673554--
1693-529372--

inspected page
1867-392235--
1357-530960--
Ngô Thì Nhậm-36781--
1989-63474--
24 tháng 11-19988--
12 tháng 4-974--

inspected page
Thập niên 1030-578400--
19 tháng 2-20166--
Eishō (thời kỳ Muromachi)-e65c668cee00626cab734e05aa4d3892--
134 TCN-541567--
1758-528924--
102 TCN-541517--
.ax-76732--

inspected page
Chōhō (era)-1e6a78a9a7f22fd106e18aa4ac1d0d14--
1635-529249--
Số-54401--
1999-63316--

inspected page
1542-529177--
1680-529343--
1792-528954--
91 TCN-541501--
Thể loại:Kiến trúc thập kỷ 130 TCN-eeb50f564b9e45bfae491a781e42c12a--
Jean Alkhas-219026e2efdb717770af1a6c01a13b97--
1471-530447--
Thiên niên kỷ 2 TCN-2462207--
1914-107822--
1025-530309--
Enlil-28afa50e4da5d4d143d2d5dd32824031--
Hồng Hy Quan-781656--
124 TCN-541540--
1983-63724--
1817-392136--
Bính Thân-27335--
30 tháng 5-20306--
Hồng Tú Toàn-53414--
1722-528867--
1923-107894--
Aragac-5b6a5034e14d18566f2195505f2fe6cf--
1967-107950--

inspected page
1599-529562--
Edward VI của Anh-1440822--
Genki-821fbf8dc4fdf20f7179de8888d02a32--
1 tháng 2-20123--
94 TCN-541504--
1959-107943--
1950-107934--

inspected page
1534-529167--
David Hilbert-51910--
Chính phủ-24478--
1614-529000--
998-530529--
1929-107899--
20 tháng 5-20288--
1762-528928--
Đậu phụ-303810--
Bính Ngọ-27345--
Gottfried Semper-28802--
William Morris Hughes-140468--
1409-530371--
1909-107817--
1872-201436--
1544-529182--
11 tháng 4-968--

inspected page
Artibonite Department-8a1db951b02f140de5511345aae3c3da--
Kondō Isami-233680--
1868-392238--

inspected page
1067-530247--
1729-528888--
17 tháng 9-20526--
13 tháng 4-977--

inspected page
1500-530512--
21 tháng 8-20473--
Anu-1679833--
12 TCN-541111--
1925-96168--
2001-26753--
115 TCN-541531--
Thập niên 170 TCN-1279660--
1593-529556--
1964-107948--

inspected page
Thiên niên kỷ 1-57683--
1733-528892--
1429-530396--
Thể loại:Kiến trúc thập kỷ 100 TCN-d2f89f35bb342beb20d4c42e1b7adf8f--
18 tháng 2-20165--
5 tháng 7-20380--
1935-107921--
1667-529386--
2007-57704--
12 tháng 6-20331--

inspected page
1625-529237--
Friedrich Schiller-68868--
24 tháng 7-20419--
1099-530143--
Lịch Berber-285403--

inspected page
.ar-28595--

inspected page
1550-529190--
137 TCN-541571--
19 tháng 5-20286--

inspected page
Bill Clinton-9571--
1486-530496--
Amerindian-854a2644197d9e3b439b9d4c81454c0b--
16 tháng 3-20222--

inspected page
Bảng chữ cái Armenia-3672933--
1847-392189--
1941-107093--
1154-530076--
6 tháng 8-20446--
1606-578434--
Heinrich Wilhelm Matthäus Olbers-804906--
1408-530370--
1838-392178--
13 tháng 12-20678--

inspected page
18 tháng 7-20406--
1878-263711--
1516-529155--
1377-530974--
18 tháng 5-20285--
1562-529203--
2200-3349599--
118 TCN-541534--
Thập niên 50 TCN-1279648--
12 tháng 11-20636--

inspected page
1977-63975--
1573-529584--
135 TCN-541568--
Thế kỷ 2 TCN4-9bffed9c1d1ce2ffb94f0caac470016c--
150 TCN-541589--
10 tháng 1-20075--

inspected page
136 TCN-541569--
1575-529582--
1724-528869--
1665-529389--
Bikram Samwat-317730b3d0fb55571658b73ab169c5b9--
1924-107895--
25 tháng 1-20110--
Anh-853--
Hoa Kỳ-57--
1501-530513--
3 tháng 2-20128--
1038-578406--
1293-529962--
106-540750--
5 tháng 12-20661--
129 TCN-541562--
O. Henry-31229--
17 tháng 4-4455--
1873-392242--
Thập niên 150 TCN-1279658--
10 tháng 9-20509--

inspected page
Henry VIII của Anh-286042--
Juche-397901--
Genroku-18e1c81ac539447e72d17f9680147f5a--
1250-529913--
1844-388184--
1939-107925--
Keichō-4730a488f2a4dd8467083179e2bff153--
1512-529159--
1846-392187--
1619-529012--
Francisco Pizarro-116974--
Thập niên 40 TCN-1279647--
1942-107094--
13 tháng 11-18582--

inspected page
1203-529985--
1985-63722--
1938-107924--
1617-529009--
109 TCN-541524--

inspected page
Anh giáo-3473--
2 tháng 2-20125--
1712-528701--
1852-392205--

inspected page
1107-530133--
1755-528921--
14 tháng 2-20152--

inspected page
12 tháng 8-20456--

inspected page
Hiến chương Liên hợp quốc-51177--
1672-529332--
1028-461056--
1664-529390--
François Dominique Toussaint Louverture-242479--
1190-530013--
1887-204711--
Canh Dần-27329--
Hồng quân Trung Quốc-590054--
2 tháng 3-20189--
1558-529198--
1554-529194--
10 tháng 10-20574--

inspected page
Juana Galán-799241--
Aleksandr Ivanovich Odoyevsky-129694--
Canada-797--
1291-529956--
Henry VII của Anh-1277135--
1778-201772--
Danh sách thế kỷ-862f2196f676ac046c575570c209b992--
1647-529267--
ISBN-13830--
1296-529965--
1902-107810--
1224-529887--
George IV của Anh-3389210--
2114-3349643--
1905-107813--

inspected page
12 tháng 10-20578--

inspected page
1557-529197--
13 tháng 7-20396--
1548-529188--
1654-529305--
Khoa học-6757--
