Lịch Nhật Bản-4da30bd024c27745334dd68591442dbb--
21 tháng 11-19372--
Niên hiệu Anh-f047ac08a4d564b2b57efafff2eebcb6--
Phật lịch-268967--
Tengyō-0f62e6b56fd3172f54712f2c21c65f4d--
8 tháng 11-20627--
26 tháng 5-20298--
Beograd-152406--
28 tháng 11-20646--
2 tháng 5-20256--
Thiên niên kỷ 1-57683--
6 tháng 11-20623--
Thập niên 910-1279627--
28 tháng 5-20303--
3 tháng 5-20257--
26 tháng 11-20642--
Thập niên 950-1279631--
Thập niên 940-1279630--
3 tháng 11-20617--
2 tháng 11-20615--
912-530602--
Lịch Triều Tiên-2bb6b123eb43c9032f74e9787027b872--
973-530558--
5 tháng 11-20621--
Thập niên 930-1279629--
434-532172--
8 tháng 5-20267--
Thập niên 920-1279628--
Lịch Ấn Độ giáo-77a6216658ea899abca9d33ca9770eba--
20 tháng 11-17027--
25 tháng 11-20062--
Chiến dịch Điện Biên Phủ-7320--
2018-1536563--
Quốc lịch Ấn Độ-ab9048248965038b5f0f835e554afa61--
24 tháng 11-19988--
30 tháng 11-20650--
Nam Hán-137033--
Thiên niên kỷ-408364--
9 tháng 5-20269--
2015-530848--
4 tháng 5-20258--
27 tháng 11-20644--
Bắc Ngụy-258487--
5 tháng 5-20260--
31 tháng 5-20309--
29 tháng 11-20648--
25 tháng 5-20297--
22 tháng 11-19482--
Lịch Đông La Mã-ead64131dd0c6578fe848645bdd65aac--
Mậu Tuất-27337--
30 tháng 5-20306--
23 tháng 11-19983--
29 tháng 5-20305--
4 tháng 11-20618--
Lịch sử Việt Nam-2128--
2008-142321--
Ngô Quyền-1411--
6 tháng 5-20263--
Năm-384353--
27 tháng 5-20301--
Hà Đông-12657--
783-530932--
26 tháng 1-794--
Australopithecus afarensis-2455387--
1999-63316--
504-531756--
Chữ Hán-5331--
Lịch Darius-bbd3fe6e243cee25c350fec4e6da897b--
1983-63724--
1965-90299--
2001-26753--
477-531884--
Thiên văn học-1426--
1961-107945--
19 tháng 5-20286--
235-540718--
2008-142321--

inspected page
Hải Phòng-362339--
1987-63482--
479-531882--
1929-107899--
Bram Stoker-182961--
Liên Xô-4353--
8 tháng 5-20267--

inspected page
Thế kỷ-71455--
Lưu Khiêm-2234940--
20 tháng 5-20288--
31 tháng 1-20121--
2003-725--
525-531786--
Abraham Lincoln-25821--
Baek Hyun-3281807--
Xuân phân-2574--
Kỷ Dậu-27348--
493-531868--
1952-107936--
Cơ quan An ninh Quốc gia-51341--
Lịch Bahá'í-55136458990b35fda9f280aebaa51cd2--
1959-107943--
Tiếng Anh-796--
Thập niên 910-1279627--

inspected page
Danh sách thành phố Serbia-812776--
5 tháng 3-20196--
2007-57704--
Abel Tasman-102345--
1995-63326--
1953-107937--
Do Thái-29063--
Cộng hòa Síp-38765--
Bắc Kinh-12461--
1 tháng 11-20613--
Mậu Dần-27315--
1963-89649--
Algérie-37558--
Lịch Hellenic-c9067042a3eba024d36715b5ea1b07e2--
907-530596--
Chó-30817--
Lê Hiển Tông-234915--
1946-107930--
398-532197--
Ab urbe condita-3676101--
Mân (Thập quốc)-95498--
Chicago-39398--
Thế kỷ 9-57656--
23 tháng 5-20294--
308-540510--
Khiết Đan-94905--
29 tháng 1-20117--
Lưu Sưởng-409416--
1887-204711--
Lịch Do Thái-789121--
Canh Tuất-27349--
25 tháng 1-20110--
Lưu Cung-136948--
Trái Đất-1638--
7 tháng 5 năm 1954-8dfd5c66be64d51231c5307e2123a11a--
Lê Anh Xuân-117486--
Ailee-3350214--
Chişinău-3695393--
527-531789--
24 tháng 7-20419--
Lịch Berber-285403--
Nam Hán Thương Đế-3137942--
Thiên niên kỷ-408364--

inspected page
471-531890--
Giáp Thìn-27343--
1931-107917--
1944-60514--
Thập niên 890-1279625--
2005-26086--
1950-107934--
30 tháng 3-20228--
Miếu hiệu-141247--
757-531084--
1974-63997--
29 tháng 11-20648--

inspected page
25 tháng 5-20297--

inspected page
22 tháng 11-19482--

inspected page
20 tháng 7-20411--
1960-93288--
Khúc Hạo-53881--
Lịch Ethiopia-94f573024963b0cf0897be0fcffa2d2a--
1967-107950--
Cộng hòa Séc-4119--
494-531867--
1919-107890--
3 tháng 1-20066--
Danh sách quân chủ Serbia-144e712a2b9655cfd696aa03f10185a4--
Nguyễn Văn Siêu-86806--
Lịch Iran-3388945--
Bruxelles-102829--
520-531780--
1942-107094--
Chiến dịch Dynamo-40660--
24 tháng 11-19988--

inspected page
1939-107925--
25-540939--
Sinh sản-420248--
Dracula-312113--
28 tháng 11-20646--

inspected page
2006-26572--
500-531752--
1918-107889--
1996-63325--
Thập niên 980-1279634--
Lịch Gregorius-37831--
4 tháng 4-943--
Canh Tý-27339--
6 tháng 12-20663--
Thập niên 950-1279631--

inspected page
Mã Ân-140639--
Dayton, Ohio-575797--
AIDC F-CK-1 Ching-kuo-255140--
1973-63998--
Kỷ Tỵ-27304--
Tenroku-4fc8222729ae8c6b24b562b89339c427--
1985-63722--
Thập niên 990-1279635--
Hậu Lương Thái Tổ-419678--
Erik Weihenmayer-286778--
Lịch Dân quốc-9293397--
Giáp Ngọ-27333--
9 tháng 5-20269--

inspected page
Thực vật-5243--
Thập niên 440-1279580--
518-531778--
4 tháng 5-20258--

inspected page
Khuông Việt-24186--
1979-63729--
7 tháng 5-20265--

inspected page
Bùi Huy Bích-33034--
27 tháng 11-20644--

inspected page
Nhâm Thân-27307--
2012-530831--
Kinh Nam-95777--
9 tháng 2-20139--
1945-14007--
Giờ mùa hè Trung Âu-589943--
21 tháng 7-20413--
Thế kỷ 5-57663--
Năm-384353--

inspected page
Khối Đồng Minh thời Chiến tranh thế giới thứ hai-62813--
2013-530530--
2016-531774--
Giáng thủy-149736--
Thế kỷ 11-47528--
Thập niên 420-523977--
25 tháng 11-20062--

inspected page
Thập niên 430-1279579--
André Trancart-9ed7676f747bd6b6a39ff878d150bc9e--
8 tháng 11-20627--

inspected page
Lưu Ẩn-1764896--
Düsseldorf-102821--
1885-263688--
1975-33041--
André Lalande-47894ed2c32aaa94cfe3ef38cbe6e399--
Ban Chấp hành Trung ương-237668--
Giờ Trung Âu-915529--
1935-107921--
2004-2477--
467-531894--
30 tháng 4-2160--
644-541056--
4 tháng 11-20618--

inspected page
Thế kỷ 6-57660--
Lý Lượng-e5c930e0b10b6601286ce4df20bd76e0--
Thập niên 970-1279633--
Khúc Thừa Mỹ-61819--
Aktobe (tỉnh)-1437374--
Đông chí-2706--
Alphonse Juin-08efebb858591b59997ebad5fdcda170--
Chiến tranh Bảy Năm-9797--
1958-107942--
Lịch Bali-87a7cf473b2faed922fb07edbb6bfa31--
503-531755--
1989-63474--
22 tháng 1-1231--
21 tháng 5-20290--
30 tháng 11-20650--

inspected page
1984-63723--
1909-107817--
Thập niên 410-1279578--
Braunsbedra-406263--
Lịch Hồi giáo-289087--
19 tháng 11-19186--
2017-1446540--
Châu Âu-4859--
Lịch Hindu-957df0119c4e8839ca35232c58a3c8ec--
3 tháng 12-20657--
1997-63319--
Hậu Ngô Vương-42291--
1947-107931--
Adolf Hitler-32049--
642-541054--
Lưu Phần-3137929--
Biên Hòa-32165--
947-530696--
21 tháng 11-19372--

inspected page
1992-63467--
Kiều Công Tiễn-60544--
Isaac Slade-a70dcb4fc90bbe1fdb79399aeecae262--
Lịch Cộng hòa Pháp-2eb79163463098020d7a157ba70ad576--
264-540981--
Ca sĩ-93601--
Copenhagen-102820--
1940-107926--
ACF Fiorentina-304713--
1951-107935--
Thập niên 960-1279632--
1955-107938--
Thiên niên kỷ 1-57683--

inspected page
Trung Hoa Dân Quốc-3501769--
Lịch Celt-cc69edb5988fed5be3e95c017fcbebe3--
26 tháng 11-20642--

inspected page
512-531770--
Lê Văn Lan-500045--
Chiến dịch Praha-1746351--
Nghệ An-99282--
3 tháng 11-20617--

inspected page
2 tháng 11-20615--

inspected page
Bismarck (thiết giáp hạm Đức)-437756--
2 tháng 9-4263--
7 tháng 3-20202--
1908-107816--
20 tháng 11-17027--

inspected page
Phật lịch-268967--

inspected page
1966-107949--
1923-107894--
585 TCN-9511a9f64a198f66ce1778c6037287b5--
7554-811222--
Thế kỷ 10-57655--
Quý Dậu-27308--
Chiến tranh thế giới thứ hai-2350--
Nam Hán-137033--

inspected page
20 tháng 3-891--
Everest-37279--
496-531848--
Thu phân-2707--
Aung San Suu Kyi-39143--
1981-63726--
5 tháng 5-20260--

inspected page
Kỷ Hợi-27338--
1954-824--
22 tháng 5-20292--
1 tháng 5-20254--
Đại học Massachusetts-d747c3140d2004ad78989ef2883e1d62--
Ten'en-6287f8304f39cb81e3c727ebe1e596bb--
Ấn Độ-6323--
Hiệp ước ABM-103933--
Ngô-119971--
1937-107923--
1978-63974--
Billy Graham-8453--
Kỷ Mùi-27358--
Bahá'u'lláh-3145807--
26 tháng 5-20298--

inspected page
Lịch sử Việt Nam-2128--

inspected page
Úc-2849--
1969-64294--
BoA-14784--
Hậu Tấn-25176--
6 tháng 11-20623--

inspected page
Thời tiết-163247--
Thể loại:Bảo trì CS1: Văn bản dư-3256624--
Lưu Mân-140649--
1962-107946--
1972-21944--
28 tháng 5-20303--

inspected page
Độ nghiêng trục-492691--
Khủng hoảng con tin Iran-9258588--
Danh sách đảng phái chính trị ở Serbia-1c1afaa35c8fef288c9f2ea0f0a200e2--
Ngô Sĩ Liên-29688--
1938-107924--
Deutsche Presse-Agentur-30259--
499-531842--
Danube-42764--
Nam Chiếu-6748--
1949-107933--
1 tháng 8-20435--
Thế kỷ 4-57664--
ASEAN-4543--
Quốc lịch Ấn Độ-ab9048248965038b5f0f835e554afa61--

inspected page
4 tháng 3-20193--
24 tháng 5-20295--
Big Bang (ban nhạc Hàn Quốc)-3227346--
2010-74212--
Thập niên 900-1279626--
Chiến tranh Tây Ban Nha–Mỹ-312741--
1980-63728--
Lịch Gregorian-37832--
1 tháng 7-20373--
Lịch Đông La Mã-ead64131dd0c6578fe848645bdd65aac--

inspected page
Khúc Thừa Dụ-28637--
23 tháng 11-19983--

inspected page
1925-96168--
Biển San Hô-317769--
24 tháng 12-20702--
515-531773--
1968-107951--
Thiên văn-5465--
31 tháng 5-20309--

inspected page
1976-63996--
Giáp Thân-27321--
1932-107918--
476-531885--
Estonia-10699--
899-530910--
Lịch Ireland-e3e7ee4f37937e18aa6a09fe55c20300--
Lịch Java-fd7f2e194cbaef9f84bcff23c587fe89--
Lịch Gregory-3146726--
18 tháng 11-19110--
1964-107948--
1 tháng 1-20064--
Lịch Discordia-69d2b68618657fa0563850595c54305f--
Liễu Thăng-337887--
Dublin-116040--
3 tháng 5-20257--

inspected page
Lịch Bengal-799dded2ee7d99894a2a517d8a9ad30c--
Thời kỳ con người-27cc74be0ee3ab76b07f4c9ab16e10a0--
1991-63469--
Chiến tranh giữa các vì sao-27538--
2 tháng 5-20256--

inspected page
Avengers: Infinity War-10901492--
5 tháng 11-20621--

inspected page
Thập niên 930-1279629--

inspected page
Barack Obama-76917--
4 tháng 12-20659--
27 tháng 5-20301--

inspected page
Lãnh thổ Ủy thác Quần đảo Thái Bình Dương-219164--
1894-187811--
2011-530268--
Hậu Đường-12330--
Cải cách ruộng đất tại Việt Nam-105250--
Lý Khắc Chính-8129ed8ece8bc311184c176b5f217598--
Danh sách quốc gia-4998--
1977-63975--
Bão Haiyan (2013)-2419494--
1941-107093--
Kỳ-1297732--
1982-63725--
1884-263690--
Thập niên 450-1279581--
1986-63483--
1926-107896--
528-531790--
2030-3347505--
Kim Ngọc-90104--
Giáp Tuất-27309--
6 tháng 2-20133--
Camillus de Lellis-a72180f991cddabe45cb06e8aacacc61--
Lịch Ấn Độ giáo-77a6216658ea899abca9d33ca9770eba--

inspected page
1924-107895--
2 tháng 3-20189--
1971-64291--
Niên hiệu Anh-f047ac08a4d564b2b57efafff2eebcb6--

inspected page
Nam Hán Cao Tổ-137030--
Lưu Thịnh-3171164--
516-531775--
Croatia-38772--
Bầu cử tổng thống Hoa Kỳ, 2008-230616--
Giáp Dần-27353--
Lý Đằng-ddaaa09410146c556c9cb85a71a0dabf--
1993-63328--
2014-530829--
508-531762--
Azerbaijan-38762--
Lê Ngọc Hân-187103--
Lê Tắc-288435--
Air France-78871--
Kỷ Sửu-27328--
1915-107886--
Thập niên 920-1279628--

inspected page
1990-63470--
1970-64293--
Burkina Faso-36702--
2020-2352568--
4 tháng 2-20129--
19 tháng 3-889--
2002-26755--
2018-1536563--

inspected page
Đại học Oxford-94105--
6 tháng 5-20263--

inspected page
1957-107940--
Lĩnh Nam Đông đạo-5eb661e9492f6994d2caa4a8dc567cd5--
Giáp Tý-27296--
2009-314222--
Amur-43732--
526-531787--
380-532219--
Aleksandr Isayevich Solzhenitsyn-119418--
Họ Khúc (lịch sử Việt Nam)-83095--
John McCain-142727--
1988-60513--
2040-3349410--
30 tháng 5-20306--

inspected page
29 tháng 5-20305--

inspected page
9 tháng 11-20629--
André Botella-3041d3482810e1413ffba68217ea0deb--
1956-107939--
7 tháng 11-20625--

inspected page
Baku-62774--
Kỷ Mão-27316--
Hội đồng Hợp tác vùng Vịnh-12486421--
